<?xml version="1.0" encoding="UTF-8"?>
<testng-results ignored="0" total="2" passed="1" failed="0" skipped="1">
  <reporter-output>
  </reporter-output>
  <suite started-at="2024-12-22T14:30:05 IST" name="SauceLabsSuite" finished-at="2024-12-22T14:30:21 IST" duration-ms="16845">
    <groups>
    </groups>
    <test started-at="2024-12-22T14:30:05 IST" name="SauceLabsTest" finished-at="2024-12-22T14:30:21 IST" duration-ms="16845">
      <class name="com.qa.SauceLabs.SauceTest">
        <test-method is-config="true" signature="setUp(java.lang.String,java.lang.String,java.lang.String,java.lang.reflect.Method)[pri:0, instance:com.qa.SauceLabs.SauceTest@489115ef]" started-at="2024-12-22T14:30:05 IST" name="setUp" finished-at="2024-12-22T14:30:12 IST" duration-ms="7511" status="PASS">
          <params>
            <param index="0">
              <value>
                <![CDATA[chrome]]>
              </value>
            </param>
            <param index="1">
              <value>
                <![CDATA[Windows 11]]>
              </value>
            </param>
            <param index="2">
              <value>
                <![CDATA[latest]]>
              </value>
            </param>
            <param index="3">
              <value>
                <![CDATA[public void com.qa.SauceLabs.SauceTest.checkInventoryItemTest()]]>
              </value>
            </param>
          </params>
          <reporter-output>
          </reporter-output>
        </test-method> <!-- setUp -->
        <test-method signature="checkInventoryItemTest()[pri:1, instance:com.qa.SauceLabs.SauceTest@489115ef]" started-at="2024-12-22T14:30:12 IST" name="checkInventoryItemTest" finished-at="2024-12-22T14:30:20 IST" duration-ms="8086" status="PASS">
          <reporter-output>
          </reporter-output>
        </test-method> <!-- checkInventoryItemTest -->
        <test-method is-config="true" signature="tearDown()[pri:0, instance:com.qa.SauceLabs.SauceTest@489115ef]" started-at="2024-12-22T14:30:20 IST" name="tearDown" finished-at="2024-12-22T14:30:20 IST" duration-ms="319" status="PASS">
          <reporter-output>
          </reporter-output>
        </test-method> <!-- tearDown -->
        <test-method is-config="true" signature="setUp(java.lang.String,java.lang.String,java.lang.String,java.lang.reflect.Method)[pri:0, instance:com.qa.SauceLabs.SauceTest@489115ef]" started-at="2024-12-22T14:30:21 IST" name="setUp" finished-at="2024-12-22T14:30:21 IST" duration-ms="836" status="FAIL">
          <params>
            <param index="0">
              <value>
                <![CDATA[chrome]]>
              </value>
            </param>
            <param index="1">
              <value>
                <![CDATA[Windows 11]]>
              </value>
            </param>
            <param index="2">
              <value>
                <![CDATA[latest]]>
              </value>
            </param>
            <param index="3">
              <value>
                <![CDATA[public void com.qa.SauceLabs.SauceTest.checkAddToCartButtonTest()]]>
              </value>
            </param>
          </params>
          <exception class="org.openqa.selenium.SessionNotCreatedException">
            <message>
              <![CDATA[Could not start a new session. Response code 400. Message: CCYAbuse - too many jobs 
Host info: host: 'MUTHULAKSHMI', ip: '192.168.1.3'
Build info: version: '4.27.0', revision: 'd6e718d134'
System info: os.name: 'Windows 11', os.arch: 'amd64', os.version: '10.0', java.version: '21.0.4'
Driver info: org.openqa.selenium.remote.RemoteWebDriver
Command: [null, newSession {capabilities=[Capabilities {browserName: chrome, browserVersion: latest, goog:chromeOptions: {args: [], extensions: []}, platformName: Windows 11, sauce:options: {accessKey: 196d8329-2f78-4cbb-9660-7ee..., build: Java-W3C-Examples, name: checkAddToCartButtonTest, tags: [w3c-chrome-tests, regression], username: oauth-muthukalai2018-dcae0}}]}]
Capabilities {browserName: chrome, browserVersion: latest, goog:chromeOptions: {args: [], extensions: []}, platformName: Windows 11, sauce:options: {accessKey: 196d8329-2f78-4cbb-9660-7ee..., build: Java-W3C-Examples, name: checkAddToCartButtonTest, tags: [w3c-chrome-tests, regression], username: oauth-muthukalai2018-dcae0}}]]>
            </message>
            <full-stacktrace>
              <![CDATA[org.openqa.selenium.SessionNotCreatedException: Could not start a new session. Response code 400. Message: CCYAbuse - too many jobs 
Host info: host: 'MUTHULAKSHMI', ip: '192.168.1.3'
Build info: version: '4.27.0', revision: 'd6e718d134'
System info: os.name: 'Windows 11', os.arch: 'amd64', os.version: '10.0', java.version: '21.0.4'
Driver info: org.openqa.selenium.remote.RemoteWebDriver
Command: [null, newSession {capabilities=[Capabilities {browserName: chrome, browserVersion: latest, goog:chromeOptions: {args: [], extensions: []}, platformName: Windows 11, sauce:options: {accessKey: 196d8329-2f78-4cbb-9660-7ee..., build: Java-W3C-Examples, name: checkAddToCartButtonTest, tags: [w3c-chrome-tests, regression], username: oauth-muthukalai2018-dcae0}}]}]
Capabilities {browserName: chrome, browserVersion: latest, goog:chromeOptions: {args: [], extensions: []}, platformName: Windows 11, sauce:options: {accessKey: 196d8329-2f78-4cbb-9660-7ee..., build: Java-W3C-Examples, name: checkAddToCartButtonTest, tags: [w3c-chrome-tests, regression], username: oauth-muthukalai2018-dcae0}}
at org.openqa.selenium.remote.ProtocolHandshake.createSession(ProtocolHandshake.java:114)
at org.openqa.selenium.remote.ProtocolHandshake.createSession(ProtocolHandshake.java:75)
at org.openqa.selenium.remote.ProtocolHandshake.createSession(ProtocolHandshake.java:61)
at org.openqa.selenium.remote.HttpCommandExecutor.execute(HttpCommandExecutor.java:162)
at org.openqa.selenium.remote.TracedCommandExecutor.execute(TracedCommandExecutor.java:53)
at org.openqa.selenium.remote.RemoteWebDriver.execute(RemoteWebDriver.java:545)
at org.openqa.selenium.remote.RemoteWebDriver.startSession(RemoteWebDriver.java:245)
at org.openqa.selenium.remote.RemoteWebDriver.<init>(RemoteWebDriver.java:174)
at org.openqa.selenium.remote.RemoteWebDriver.<init>(RemoteWebDriver.java:152)
at com.qa.SauceLabs.BaseTest.setUp(BaseTest.java:43)
at java.base/jdk.internal.reflect.DirectMethodHandleAccessor.invoke(DirectMethodHandleAccessor.java:103)
at java.base/java.lang.reflect.Method.invoke(Method.java:580)
at org.testng.internal.invokers.MethodInvocationHelper.invokeMethod(MethodInvocationHelper.java:141)
at org.testng.internal.invokers.MethodInvocationHelper.invokeMethodConsideringTimeout(MethodInvocationHelper.java:71)
at org.testng.internal.invokers.ConfigInvoker.invokeConfigurationMethod(ConfigInvoker.java:400)
at org.testng.internal.invokers.ConfigInvoker.invokeConfigurations(ConfigInvoker.java:333)
at org.testng.internal.invokers.TestInvoker.runConfigMethods(TestInvoker.java:833)
at org.testng.internal.invokers.TestInvoker.invokeMethod(TestInvoker.java:600)
at org.testng.internal.invokers.TestInvoker.invokeTestMethod(TestInvoker.java:230)
at org.testng.internal.invokers.MethodRunner.runInSequence(MethodRunner.java:63)
at org.testng.internal.invokers.TestInvoker$MethodInvocationAgent.invoke(TestInvoker.java:992)
at org.testng.internal.invokers.TestInvoker.invokeTestMethods(TestInvoker.java:203)
at org.testng.internal.invokers.TestMethodWorker.invokeTestMethods(TestMethodWorker.java:154)
at org.testng.internal.invokers.TestMethodWorker.run(TestMethodWorker.java:134)
at java.base/java.util.ArrayList.forEach(ArrayList.java:1596)
at org.testng.TestRunner.privateRun(TestRunner.java:739)
at org.testng.TestRunner.run(TestRunner.java:614)
at org.testng.SuiteRunner.runTest(SuiteRunner.java:421)
at org.testng.SuiteRunner.runSequentially(SuiteRunner.java:413)
at org.testng.SuiteRunner.privateRun(SuiteRunner.java:373)
at org.testng.SuiteRunner.run(SuiteRunner.java:312)
at org.testng.SuiteRunnerWorker.runSuite(SuiteRunnerWorker.java:52)
at org.testng.SuiteRunnerWorker.run(SuiteRunnerWorker.java:95)
at org.testng.TestNG.runSuitesSequentially(TestNG.java:1274)
at org.testng.TestNG.runSuitesLocally(TestNG.java:1208)
at org.testng.TestNG.runSuites(TestNG.java:1112)
at org.testng.TestNG.run(TestNG.java:1079)
at org.testng.remote.AbstractRemoteTestNG.run(AbstractRemoteTestNG.java:115)
at org.testng.remote.RemoteTestNG.initAndRun(RemoteTestNG.java:293)
at org.testng.remote.RemoteTestNG.main(RemoteTestNG.java:91)
]]>
            </full-stacktrace>
          </exception> <!-- org.openqa.selenium.SessionNotCreatedException -->
          <reporter-output>
          </reporter-output>
        </test-method> <!-- setUp -->
        <test-method signature="checkAddToCartButtonTest()[pri:2, instance:com.qa.SauceLabs.SauceTest@489115ef]" started-at="2024-12-22T14:30:21 IST" name="checkAddToCartButtonTest" finished-at="2024-12-22T14:30:21 IST" duration-ms="0" status="SKIP">
          <exception class="org.openqa.selenium.SessionNotCreatedException">
            <message>
              <![CDATA[Could not start a new session. Response code 400. Message: CCYAbuse - too many jobs 
Host info: host: 'MUTHULAKSHMI', ip: '192.168.1.3'
Build info: version: '4.27.0', revision: 'd6e718d134'
System info: os.name: 'Windows 11', os.arch: 'amd64', os.version: '10.0', java.version: '21.0.4'
Driver info: org.openqa.selenium.remote.RemoteWebDriver
Command: [null, newSession {capabilities=[Capabilities {browserName: chrome, browserVersion: latest, goog:chromeOptions: {args: [], extensions: []}, platformName: Windows 11, sauce:options: {accessKey: 196d8329-2f78-4cbb-9660-7ee..., build: Java-W3C-Examples, name: checkAddToCartButtonTest, tags: [w3c-chrome-tests, regression], username: oauth-muthukalai2018-dcae0}}]}]
Capabilities {browserName: chrome, browserVersion: latest, goog:chromeOptions: {args: [], extensions: []}, platformName: Windows 11, sauce:options: {accessKey: 196d8329-2f78-4cbb-9660-7ee..., build: Java-W3C-Examples, name: checkAddToCartButtonTest, tags: [w3c-chrome-tests, regression], username: oauth-muthukalai2018-dcae0}}]]>
            </message>
            <full-stacktrace>
              <![CDATA[org.openqa.selenium.SessionNotCreatedException: Could not start a new session. Response code 400. Message: CCYAbuse - too many jobs 
Host info: host: 'MUTHULAKSHMI', ip: '192.168.1.3'
Build info: version: '4.27.0', revision: 'd6e718d134'
System info: os.name: 'Windows 11', os.arch: 'amd64', os.version: '10.0', java.version: '21.0.4'
Driver info: org.openqa.selenium.remote.RemoteWebDriver
Command: [null, newSession {capabilities=[Capabilities {browserName: chrome, browserVersion: latest, goog:chromeOptions: {args: [], extensions: []}, platformName: Windows 11, sauce:options: {accessKey: 196d8329-2f78-4cbb-9660-7ee..., build: Java-W3C-Examples, name: checkAddToCartButtonTest, tags: [w3c-chrome-tests, regression], username: oauth-muthukalai2018-dcae0}}]}]
Capabilities {browserName: chrome, browserVersion: latest, goog:chromeOptions: {args: [], extensions: []}, platformName: Windows 11, sauce:options: {accessKey: 196d8329-2f78-4cbb-9660-7ee..., build: Java-W3C-Examples, name: checkAddToCartButtonTest, tags: [w3c-chrome-tests, regression], username: oauth-muthukalai2018-dcae0}}
at org.openqa.selenium.remote.ProtocolHandshake.createSession(ProtocolHandshake.java:114)
at org.openqa.selenium.remote.ProtocolHandshake.createSession(ProtocolHandshake.java:75)
at org.openqa.selenium.remote.ProtocolHandshake.createSession(ProtocolHandshake.java:61)
at org.openqa.selenium.remote.HttpCommandExecutor.execute(HttpCommandExecutor.java:162)
at org.openqa.selenium.remote.TracedCommandExecutor.execute(TracedCommandExecutor.java:53)
at org.openqa.selenium.remote.RemoteWebDriver.execute(RemoteWebDriver.java:545)
at org.openqa.selenium.remote.RemoteWebDriver.startSession(RemoteWebDriver.java:245)
at org.openqa.selenium.remote.RemoteWebDriver.<init>(RemoteWebDriver.java:174)
at org.openqa.selenium.remote.RemoteWebDriver.<init>(RemoteWebDriver.java:152)
at com.qa.SauceLabs.BaseTest.setUp(BaseTest.java:43)
at java.base/jdk.internal.reflect.DirectMethodHandleAccessor.invoke(DirectMethodHandleAccessor.java:103)
at java.base/java.lang.reflect.Method.invoke(Method.java:580)
at org.testng.internal.invokers.MethodInvocationHelper.invokeMethod(MethodInvocationHelper.java:141)
at org.testng.internal.invokers.MethodInvocationHelper.invokeMethodConsideringTimeout(MethodInvocationHelper.java:71)
at org.testng.internal.invokers.ConfigInvoker.invokeConfigurationMethod(ConfigInvoker.java:400)
at org.testng.internal.invokers.ConfigInvoker.invokeConfigurations(ConfigInvoker.java:333)
at org.testng.internal.invokers.TestInvoker.runConfigMethods(TestInvoker.java:833)
at org.testng.internal.invokers.TestInvoker.invokeMethod(TestInvoker.java:600)
at org.testng.internal.invokers.TestInvoker.invokeTestMethod(TestInvoker.java:230)
at org.testng.internal.invokers.MethodRunner.runInSequence(MethodRunner.java:63)
at org.testng.internal.invokers.TestInvoker$MethodInvocationAgent.invoke(TestInvoker.java:992)
at org.testng.internal.invokers.TestInvoker.invokeTestMethods(TestInvoker.java:203)
at org.testng.internal.invokers.TestMethodWorker.invokeTestMethods(TestMethodWorker.java:154)
at org.testng.internal.invokers.TestMethodWorker.run(TestMethodWorker.java:134)
at java.base/java.util.ArrayList.forEach(ArrayList.java:1596)
at org.testng.TestRunner.privateRun(TestRunner.java:739)
at org.testng.TestRunner.run(TestRunner.java:614)
at org.testng.SuiteRunner.runTest(SuiteRunner.java:421)
at org.testng.SuiteRunner.runSequentially(SuiteRunner.java:413)
at org.testng.SuiteRunner.privateRun(SuiteRunner.java:373)
at org.testng.SuiteRunner.run(SuiteRunner.java:312)
at org.testng.SuiteRunnerWorker.runSuite(SuiteRunnerWorker.java:52)
at org.testng.SuiteRunnerWorker.run(SuiteRunnerWorker.java:95)
at org.testng.TestNG.runSuitesSequentially(TestNG.java:1274)
at org.testng.TestNG.runSuitesLocally(TestNG.java:1208)
at org.testng.TestNG.runSuites(TestNG.java:1112)
at org.testng.TestNG.run(TestNG.java:1079)
at org.testng.remote.AbstractRemoteTestNG.run(AbstractRemoteTestNG.java:115)
at org.testng.remote.RemoteTestNG.initAndRun(RemoteTestNG.java:293)
at org.testng.remote.RemoteTestNG.main(RemoteTestNG.java:91)
]]>
            </full-stacktrace>
          </exception> <!-- org.openqa.selenium.SessionNotCreatedException -->
          <reporter-output>
          </reporter-output>
        </test-method> <!-- checkAddToCartButtonTest -->
        <test-method is-config="true" signature="tearDown()[pri:0, instance:com.qa.SauceLabs.SauceTest@489115ef]" started-at="2024-12-22T14:30:21 IST" name="tearDown" finished-at="2024-12-22T14:30:21 IST" duration-ms="1" status="PASS">
          <reporter-output>
          </reporter-output>
        </test-method> <!-- tearDown -->
      </class> <!-- com.qa.SauceLabs.SauceTest -->
    </test> <!-- SauceLabsTest -->
  </suite> <!-- SauceLabsSuite -->
</testng-results>
