<?xml version="1.0" encoding="UTF-8"?>
<!-- Generated by org.testng.reporters.JUnitXMLReporter -->
<testsuite ignored="0" hostname="MUTHULAKSHMI" failures="0" tests="2" name="SauceLabsTest" time="16.845" errors="0" timestamp="2024-12-22T14:30:21 IST">
  <testcase classname="com.qa.SauceLabs.BaseTest" name="@BeforeMethod setUp" time="0.836">
    <failure type="org.openqa.selenium.SessionNotCreatedException" message="Could not start a new session. Response code 400. Message: CCYAbuse - too many jobs 
Host info: host: &amp;apos;MUTHULAKSHMI&amp;apos;, ip: &amp;apos;192.168.1.3&amp;apos;
Build info: version: &amp;apos;4.27.0&amp;apos;, revision: &amp;apos;d6e718d134&amp;apos;
System info: os.name: &amp;apos;Windows 11&amp;apos;, os.arch: &amp;apos;amd64&amp;apos;, os.version: &amp;apos;10.0&amp;apos;, java.version: &amp;apos;21.0.4&amp;apos;
Driver info: org.openqa.selenium.remote.RemoteWebDriver
Command: [null, newSession {capabilities=[Capabilities {browserName: chrome, browserVersion: latest, goog:chromeOptions: {args: [], extensions: []}, platformName: Windows 11, sauce:options: {accessKey: 196d8329-2f78-4cbb-9660-7ee..., build: Java-W3C-Examples, name: checkAddToCartButtonTest, tags: [w3c-chrome-tests, regression], username: oauth-muthukalai2018-dcae0}}]}]
Capabilities {browserName: chrome, browserVersion: latest, goog:chromeOptions: {args: [], extensions: []}, platformName: Windows 11, sauce:options: {accessKey: 196d8329-2f78-4cbb-9660-7ee..., build: Java-W3C-Examples, name: checkAddToCartButtonTest, tags: [w3c-chrome-tests, regression], username: oauth-muthukalai2018-dcae0}}">
      <![CDATA[org.openqa.selenium.SessionNotCreatedException: Could not start a new session. Response code 400. Message: CCYAbuse - too many jobs 
Host info: host: 'MUTHULAKSHMI', ip: '192.168.1.3'
Build info: version: '4.27.0', revision: 'd6e718d134'
System info: os.name: 'Windows 11', os.arch: 'amd64', os.version: '10.0', java.version: '21.0.4'
Driver info: org.openqa.selenium.remote.RemoteWebDriver
Command: [null, newSession {capabilities=[Capabilities {browserName: chrome, browserVersion: latest, goog:chromeOptions: {args: [], extensions: []}, platformName: Windows 11, sauce:options: {accessKey: 196d8329-2f78-4cbb-9660-7ee..., build: Java-W3C-Examples, name: checkAddToCartButtonTest, tags: [w3c-chrome-tests, regression], username: oauth-muthukalai2018-dcae0}}]}]
Capabilities {browserName: chrome, browserVersion: latest, goog:chromeOptions: {args: [], extensions: []}, platformName: Windows 11, sauce:options: {accessKey: 196d8329-2f78-4cbb-9660-7ee..., build: Java-W3C-Examples, name: checkAddToCartButtonTest, tags: [w3c-chrome-tests, regression], username: oauth-muthukalai2018-dcae0}}
at org.openqa.selenium.remote.ProtocolHandshake.createSession(ProtocolHandshake.java:114)
at org.openqa.selenium.remote.ProtocolHandshake.createSession(ProtocolHandshake.java:75)
at org.openqa.selenium.remote.ProtocolHandshake.createSession(ProtocolHandshake.java:61)
at org.openqa.selenium.remote.HttpCommandExecutor.execute(HttpCommandExecutor.java:162)
at org.openqa.selenium.remote.TracedCommandExecutor.execute(TracedCommandExecutor.java:53)
at org.openqa.selenium.remote.RemoteWebDriver.execute(RemoteWebDriver.java:545)
at org.openqa.selenium.remote.RemoteWebDriver.startSession(RemoteWebDriver.java:245)
at org.openqa.selenium.remote.RemoteWebDriver.<init>(RemoteWebDriver.java:174)
at org.openqa.selenium.remote.RemoteWebDriver.<init>(RemoteWebDriver.java:152)
at com.qa.SauceLabs.BaseTest.setUp(BaseTest.java:43)
at java.base/java.util.ArrayList.forEach(ArrayList.java:1596)
... Removed 29 stack frames]]>
    </failure>
  </testcase> <!-- @BeforeMethod setUp -->
  <testcase classname="com.qa.SauceLabs.SauceTest" name="checkInventoryItemTest" time="8.086"/>
  <testcase classname="com.qa.SauceLabs.SauceTest" name="checkAddToCartButtonTest" time="0.0">
    <skipped/>
  </testcase> <!-- checkAddToCartButtonTest -->
</testsuite> <!-- SauceLabsTest -->
